<?xml version="1.0" encoding="UTF-8"?>
<testng-results skipped="0" failed="0" total="1" passed="1">
  <reporter-output>
  </reporter-output>
  <suite name="Default suite" duration-ms="22474" started-at="2019-01-07T01:24:25Z" finished-at="2019-01-07T01:24:48Z">
    <groups>
    </groups>
    <test name="Default test" duration-ms="22474" started-at="2019-01-07T01:24:25Z" finished-at="2019-01-07T01:24:48Z">
      <class name="com.OpenMrs.OpenMrsEmrTest">
        <test-method status="PASS" signature="setup()[pri:0, instance:com.OpenMrs.OpenMrsEmrTest@1e88b3c]" name="setup" is-config="true" duration-ms="11582" started-at="2019-01-06T18:24:25Z" finished-at="2019-01-06T18:24:37Z">
          <reporter-output>
          </reporter-output>
        </test-method> <!-- setup -->
        <test-method status="PASS" signature="OpenMrsTest()[pri:0, instance:com.OpenMrs.OpenMrsEmrTest@1e88b3c]" name="OpenMrsTest" duration-ms="10862" started-at="2019-01-06T18:24:37Z" finished-at="2019-01-06T18:24:48Z">
          <reporter-output>
          </reporter-output>
        </test-method> <!-- OpenMrsTest -->
        <test-method status="PASS" signature="teardown()[pri:0, instance:com.OpenMrs.OpenMrsEmrTest@1e88b3c]" name="teardown" is-config="true" duration-ms="11" started-at="2019-01-06T18:24:48Z" finished-at="2019-01-06T18:24:48Z">
          <reporter-output>
          </reporter-output>
        </test-method> <!-- teardown -->
      </class> <!-- com.OpenMrs.OpenMrsEmrTest -->
    </test> <!-- Default test -->
  </suite> <!-- Default suite -->
</testng-results>
